Using pre-set license
Built from '2020.2/release' branch; Version is '2020.2.1f1 (270dd8c3da1c) revision 2559448'; Using compiler version '192528614'; Build Type 'Release'
OS: 'Windows 10  (10.0.0) 64bit' Language: 'en' Physical Memory: 16240 MB
BatchMode: 1, IsHumanControllingUs: 0, StartBugReporterOnCrash: 0, Is64bit: 1, IsPro: 0

 COMMAND LINE ARGUMENTS:
C:\Program Files\Unity\Hub\Editor\2020.2.1f1\Editor\Unity.exe
-adb2
-batchMode
-noUpm
-name
AssetImportWorker0
-projectPath
C:/Users/Mr. Cringe/Documents/GitHub/dev_academy_game
-logFile
Logs/AssetImportWorker0.log
-srvPort
53603
Successfully changed project path to: C:/Users/Mr. Cringe/Documents/GitHub/dev_academy_game
C:/Users/Mr. Cringe/Documents/GitHub/dev_academy_game
Using Asset Import Pipeline V2.
Refreshing native plugins compatible for Editor in 24.64 ms, found 0 plugins.
Preloading 0 native plugins for Editor in 0.00 ms.
Initialize engine version: 2020.2.1f1 (270dd8c3da1c)
[Subsystems] Discovering subsystems at path C:/Program Files/Unity/Hub/Editor/2020.2.1f1/Editor/Data/Resources/UnitySubsystems
[Subsystems] Discovering subsystems at path C:/Users/Mr. Cringe/Documents/GitHub/dev_academy_game/Assets
GfxDevice: creating device client; threaded=0
Direct3D:
    Version:  Direct3D 11.0 [level 11.1]
    Renderer: NVIDIA GeForce RTX 2060 (ID=0x1f11)
    Vendor:   
    VRAM:     5980 MB
    Driver:   26.21.14.3162
Initialize mono
Mono path[0] = 'C:/Program Files/Unity/Hub/Editor/2020.2.1f1/Editor/Data/Managed'
Mono path[1] = 'C:/Program Files/Unity/Hub/Editor/2020.2.1f1/Editor/Data/MonoBleedingEdge/lib/mono/unityjit'
Mono config path = 'C:/Program Files/Unity/Hub/Editor/2020.2.1f1/Editor/Data/MonoBleedingEdge/etc'
Using monoOptions --debugger-agent=transport=dt_socket,embedding=1,server=y,suspend=n,address=127.0.0.1:56148
Begin MonoManager ReloadAssembly
Registering precompiled unity dll's ...
Register platform support module: C:/Program Files/Unity/Hub/Editor/2020.2.1f1/Editor/Data/PlaybackEngines/WindowsStandaloneSupport/UnityEditor.WindowsStandalone.Extensions.dll
Registered in 0.001571 seconds.
Native extension for WindowsStandalone target not found
Refreshing native plugins compatible for Editor in 21.49 ms, found 0 plugins.
Preloading 0 native plugins for Editor in 0.00 ms.
Invoked RoslynAnalysisRunner static constructor.
RoslynAnalysisRunner will not be running.
RoslynAnalysisRunner has terminated.
Mono: successfully reloaded assembly
- Completed reload, in  1.102 seconds
Platform modules already initialized, skipping
Registering precompiled user dll's ...
Registered in 0.000593 seconds.
Begin MonoManager ReloadAssembly
Native extension for WindowsStandalone target not found
Refreshing native plugins compatible for Editor in 0.32 ms, found 0 plugins.
Preloading 0 native plugins for Editor in 0.00 ms.
Invoked RoslynAnalysisRunner static constructor.
RoslynAnalysisRunner will not be running.
RoslynAnalysisRunner has terminated.
Mono: successfully reloaded assembly
- Completed reload, in  0.867 seconds
Platform modules already initialized, skipping
========================================================================
Worker process is ready to serve import requests
Launched and connected shader compiler UnityShaderCompiler.exe after 0.06 seconds
Refreshing native plugins compatible for Editor in 0.42 ms, found 0 plugins.
Preloading 0 native plugins for Editor in 0.00 ms.
Unloading 1081 Unused Serialized files (Serialized files now loaded: 0)
System memory in use before: 55.9 MB.
System memory in use after: 55.9 MB.

Unloading 9 unused Assets to reduce memory usage. Loaded Objects now: 1526.
Total: 3.858300 ms (FindLiveObjects: 0.650200 ms CreateObjectMapping: 0.120300 ms MarkObjects: 2.945800 ms  DeleteObjects: 0.135800 ms)

========================================================================
Received Import Request.
  path: Assets/PlayerControls/Player.prefab
  artifactKey: Guid(e0a65f292ddc82b4291635ba5db5f76c) Importer(815301076,1909f56bfc062723c751e8b465ee728b)
Start importing Assets/PlayerControls/Player.prefab using Guid(e0a65f292ddc82b4291635ba5db5f76c) Importer(815301076,1909f56bfc062723c751e8b465ee728b)  -> (artifact id: 'ffe31a479af9143ab3eea27553d879bb') in 0.403212 seconds
  Import took 0.404959 seconds .

========================================================================
Received Import Request.
  Time since last request: 0.000264 seconds.
  path: Assets/Material/New Material 2.mat
  artifactKey: Guid(1f1d7b07a88fede40afcbbe0d7d675d8) Importer(815301076,1909f56bfc062723c751e8b465ee728b)
Start importing Assets/Material/New Material 2.mat using Guid(1f1d7b07a88fede40afcbbe0d7d675d8) Importer(815301076,1909f56bfc062723c751e8b465ee728b)  -> (artifact id: 'c62a3f38e2e32230a7329d2eb7b60fad') in 0.043949 seconds
  Import took 0.046156 seconds .

========================================================================
Received Import Request.
  Time since last request: 0.000354 seconds.
  path: Assets/Music/No Longer Human Idea.aif
  artifactKey: Guid(89a6f4ca0e159f249ac106410d293927) Importer(815301076,1909f56bfc062723c751e8b465ee728b)
Start importing Assets/Music/No Longer Human Idea.aif using Guid(89a6f4ca0e159f249ac106410d293927) Importer(815301076,1909f56bfc062723c751e8b465ee728b)  -> (artifact id: 'e74eb2e99d1674d473d6550de41f0010') in 0.121536 seconds
  Import took 0.123748 seconds .

========================================================================
Received Import Request.
  Time since last request: 0.000408 seconds.
  path: Assets/Material/New Material 1.mat
  artifactKey: Guid(0f728bf542106c74bbc28a8813115e91) Importer(815301076,1909f56bfc062723c751e8b465ee728b)
Start importing Assets/Material/New Material 1.mat using Guid(0f728bf542106c74bbc28a8813115e91) Importer(815301076,1909f56bfc062723c751e8b465ee728b)  -> (artifact id: '2fa36cb7772c24376b3863ca8c6fa7b7') in 0.027224 seconds
  Import took 0.028910 seconds .

========================================================================
Received Import Request.
  Time since last request: 0.000250 seconds.
  path: Assets/Material/New Material.mat
  artifactKey: Guid(53fbc9edcf2ecde41b48f0751c4cfbb8) Importer(815301076,1909f56bfc062723c751e8b465ee728b)
Start importing Assets/Material/New Material.mat using Guid(53fbc9edcf2ecde41b48f0751c4cfbb8) Importer(815301076,1909f56bfc062723c751e8b465ee728b)  -> (artifact id: '41230df22c8ee5d82c93261307d536b4') in 0.020195 seconds
  Import took 0.022528 seconds .

========================================================================
Received Import Request.
  Time since last request: 0.000285 seconds.
  path: Assets/Material/red.mat
  artifactKey: Guid(5de1cba995ea31f48bbdb5267c2fd3bc) Importer(815301076,1909f56bfc062723c751e8b465ee728b)
Start importing Assets/Material/red.mat using Guid(5de1cba995ea31f48bbdb5267c2fd3bc) Importer(815301076,1909f56bfc062723c751e8b465ee728b)  -> (artifact id: '819173186c341b0ce676addfcd61bc5d') in 0.026888 seconds
  Import took 0.030196 seconds .

========================================================================
Received Import Request.
  Time since last request: 15.776903 seconds.
  path: Assets/Scenes
  artifactKey: Guid(b51f9387a5ecb3042b89902394d0f04c) Importer(815301076,1909f56bfc062723c751e8b465ee728b)
Start importing Assets/Scenes using Guid(b51f9387a5ecb3042b89902394d0f04c) Importer(815301076,1909f56bfc062723c751e8b465ee728b)  -> (artifact id: '6a2ea26f335e552ab4755a7dac0d3723') in 0.005781 seconds
  Import took 0.007483 seconds .

========================================================================
Received Import Request.
  Time since last request: 0.006052 seconds.
  path: Assets/Scenes
  artifactKey: Guid(b51f9387a5ecb3042b89902394d0f04c) Importer(815301076,1909f56bfc062723c751e8b465ee728b)
Start importing Assets/Scenes using Guid(b51f9387a5ecb3042b89902394d0f04c) Importer(815301076,1909f56bfc062723c751e8b465ee728b)  -> (artifact id: '6a2ea26f335e552ab4755a7dac0d3723') in 0.002833 seconds
  Import took 0.005280 seconds .

========================================================================
Received Import Request.
  Time since last request: 2.806157 seconds.
  path: Assets/Scenes/TheROOM(Mirrors).unity
  artifactKey: Guid(c2ee1b5fe5a1cae4da382ddf3a30da69) Importer(815301076,1909f56bfc062723c751e8b465ee728b)
Start importing Assets/Scenes/TheROOM(Mirrors).unity using Guid(c2ee1b5fe5a1cae4da382ddf3a30da69) Importer(815301076,1909f56bfc062723c751e8b465ee728b)  -> (artifact id: '1f8b1315a248a8d986a1c8e77f1e9977') in 0.007292 seconds
  Import took 0.010088 seconds .

========================================================================
Received Prepare
Registering precompiled user dll's ...
Registered in 0.001389 seconds.
Begin MonoManager ReloadAssembly
Native extension for WindowsStandalone target not found
Refreshing native plugins compatible for Editor in 0.79 ms, found 0 plugins.
Preloading 0 native plugins for Editor in 0.00 ms.
Invoked RoslynAnalysisRunner static constructor.
RoslynAnalysisRunner will not be running.
RoslynAnalysisRunner has terminated.
Mono: successfully reloaded assembly
- Completed reload, in  1.165 seconds
Platform modules already initialized, skipping
Refreshing native plugins compatible for Editor in 0.62 ms, found 0 plugins.
Preloading 0 native plugins for Editor in 0.00 ms.
Unloading 1075 Unused Serialized files (Serialized files now loaded: 0)
System memory in use before: 59.4 MB.
System memory in use after: 59.5 MB.

Unloading 5 unused Assets to reduce memory usage. Loaded Objects now: 1571.
Total: 2.046600 ms (FindLiveObjects: 0.152100 ms CreateObjectMapping: 0.044700 ms MarkObjects: 1.825800 ms  DeleteObjects: 0.022000 ms)

AssetImportWorkerClient::OnTransportError - code=2 error=End of file
